
08:44 到公司
08:45-08:53 整理桌面卫生
08:54-08:58 查看Java组的日报
08:59-09:05 搭建加密解密模块项目
09:06-09:21 思考Java组目前的主动性上
09:22-09:27 组织Java组早会内容
09:28-09:39 休息
09:40-10:07 查看spring.data.redis处理redis序列化的工具
10:08-10:15 休息
10:16-10:40 查看spring.data.redis处理redis序列化的工具
10:41-11:52 查看spring.data.redis处理redis序列化的工具
11:53-13:30 午休
13:31-15:36 处理k8s无法处理spring cloud的服务调用问题,暂时没有解决出来
15:37-16:00 查看spring.data.redis处理redis序列化的工具
16:01-18:16 参加孟姐组织的研发部会议
18:17-19:00 跑步


1.搭建加密解密模块项目
2.参加孟姐组织的产品研发部会议
3.整理部分spring.data.redis处理redis序列化的工具


技术管理:
    1.以后让其他人大家项目创建后,需要我在git上搭建好项目,然后在任务分派中说明,如果没有说到那就是我的错啊,需要我思考的更加全面认真.这是我一个问题,思考不够全面,更深一层是,新建到处理项目的整个流程我并没有搭建好的,如何第一步第二步第三步去处理的.
    2.针对最近Java的任务处理情况,看到了认识到了每个人的主动性,都有或深或浅的问题,并且都以为自己的主动性还不错.那么主动性体现在什么上呢? 我是这么划定范围的,自己参与的项目主动去推进事情,自己遇到的问题主动去思考,而不是做伸手党去让别人给答案,遇到理解或者不熟悉的业务主动去沟通等,而不是等待别人的指派,目前这就是我说理解的主动性上面的,只是被动的等待分派的事情的人.不主动的情况呢? 其实是不愿意思考自己的工作,不喜欢动脑去想事情的,更多的是有依赖性.直接表现就是我没有这个没有那个,比如我没有权限,比如谁谁没有人我去做这个事情,你又没有安排我处理这个事情.为什么都喜欢有主动性精神的人?因为不可能任何人除非经验非常丰富,不可能面面俱到的,任何人都会有思考不到的地方,这时候分派的事情难免有不周的地方,如果执行者也不思考加以完善,更多的只是一线的挖掘工而已,不可能去独当一面.

反思总结:
    1.开会,开会,每个公司重要的活动,如何保证会议的高效呢,这其实真的是个问题啊.之前学生时代是45分钟休息10分钟,真的非常适合公司啊.人的注意力就能保持在45分钟的,连续2个小时以上的会议,真的非常痛苦啊.比如今天,好几次了,我都向躺在桌子下面,身体吃不消啊.
    2.
