
08:44 到公司
08:45-08:49 整理桌面卫生
08:50-09:19 处理完成完成appkey查询有效性
09:20-09:38 组织Java组早会内容
09:39-09:43 休息
09:44-10:12 处理appkey验证内容
10:13-10:17 休息
10:18-10:44 处理appkey时效性校验
10:45-10:50 休息
10:51-11:22 对appkey的查询进行抽象封装
11:23-11:27 休息
11:28-11:54 处理完成签名验证和计数器前的错误提示语和处理方式整理
11:55-12:30 午休
12:31-13:10 戴隐形眼镜
13:11-13:30 午睡
13:31-14:47 思考处理深度优化中接口升级问题
14:48-15:21 处理授权方法限制访问
15:22-16:02 休息
16:02-17:13 查看安卓和ios订单详情是否缓慢的问题
17:14-18:38 休息,处理配置中心的文件目录修改生效的问题
18:39-20:21 处理授权方法的计数器拦截方式
 
1.处理完成完成appkey查询有效性
2.处理appkey时效性校验
3.处理完成签名验证和计数器前的错误提示语和处理方式整理
4.处理深度优化中接口升级文档
5.查看安卓和ios订单详情是否缓慢的问题
6.处理配置中心的文件目录修改生效的问题

技术管理:
   1.我还要做那么多那么多的分布式的事情呢,却别这点狗屁的安全内容开发给束缚住了,更好更快地处理完这些事情,然后总结处理下网站的分布式架构的设计内容,我要思考如何处理的,而不是被这些事情给束缚住前进的脚步.速度,速度,很多事情很重要,既然那么重要,为什么要给自己不信任不喜欢的人去负责呢,世界很重要,自己也要变得很重要.
   2.人员分组这块内容,谁负责什么,谁负责什么,穆哥都说了很多次了啊,问题也不确认下,盛哥就让我处理订单详情查询很慢的问题,他拿个手机,我就以为是安卓或ios的详情问题,所以我先去咨询pc上慢不慢,田伟告诉我不慢;然后测试安卓和ios的订单详情,虽然慢,但是没有慢到盛哥手机的地步;最后和盛哥对一下,说是小程序开放平台的订单详情慢,我就感觉心理十万马飞过啊,这东西专门在处理,非要来找我.参考前面,很多时候都说了谁负责什么谁负责什么,也不断来问我,一直不断地问我,我的时间就这么不值钱吗?

反思总结:
   1.如果我可以决定,只留下我满意的,不满意的不留.
   2.态度这东西本身就是很悬的东西,所谓的态度好,不是说一个人,而是说一个人做事上面的体现,任何品质的体现都是根据做的事情来说.




