
08:30 到公司
08:31-08:40 整理工作目录中临时文件的删除
08:41-08:48 整理桌面卫生情况
08:49-09:12 总结关于接口参数校验的问题
09:13-09:19 整理Java组早会内容
09:20-09:32 组织Java组早会
09:33-09:41 休息,打水
09:42-10:30 和穆哥沟通变转续和下半年事情
10:31-10:49 思考昨天批量下单需要的字段内容没有经过测试允许直接上pre环境的问题,及其发送邮件
10:50-11:45 测试appKey层面拦截
11:46-13:00 午休
13:01-13:15 午睡
13:16-13:59 和穆哥讨论商品和合伙人之间的判断设置问题
14:00-14:40 协助栋栋处理安全管理后台无法启动的问题
14:41-15:00 处理代码审核若干事情
15:01-16:10 进行周五的代码审核事情
16:11-18:00 帮助栋栋处理完成springboot和vue的整合
18:01-18:40 晚饭
18:41-21:25 进行安全模块设置联调

1.总结Java组关于接口参数校验的问题,总结文档和发送邮件
2.和穆哥沟通变转续和下半年事情
3.和栋栋沟通后续的任务事情处理情况
4.思考昨天批量下单需要的字段内容没有经过测试允许直接上pre环境的问题,发送邮件
5.测试完成executor不是数字情况
6.测试完成appKey限制limit拦截设置不存在情况
7.和穆哥讨论商品和合伙人之间的判断设置问题
8.协助栋栋处理安全管理后台无法启动的问题
9.进行周五的代码审核事情
10.帮助栋栋处理完成springboot和vue的整合
11.完成初次访问appKey统计拦截,但是不进行频率统计,开发成本过高
12.测试完成不初次进行appKey统计拦截
13.测试完成appKey首次进行appKey+id拦截,但是不进行频率统计,开发成本高
14.测试完成appKey访问次数限制情况下,进行访问测试
15.测试完成没有appKey+id的特殊设置和公共设置情况
16.测试完成设置公共appKey+id进行拦截的情况
17.测试完成第一次进行appKey+id访问频率设置
18.测试完成没有设置appKey+ip的拦截限制
19.测试完成appKey当日访问次数限制拦截,明天才可以使用

技术管理:
    1.之前我也很怕和领导沟通啊,下班在路上等等,见到了,赶紧远远躲起来的,但是要不要发展呢,要不要让领导赏识你呢,那么多和领导主动去沟通,让他认识你了解你,欣赏你,然后你的发展就会更加顺畅的.
和穆哥沟通做的还算到位,穆哥就是海豚型的领导,相对比较好相处的.我总是从穆哥手里剜出来时间去沟通啊.
    2.想想很多时候是不知道深浅的,随着本能去处理的内容,不对也不好,不要说自己率性而为,那是幼稚的行为,尤其是对别人做出的幼稚型的行为,这其实是硬伤的.凡是不考虑别人的感受的,如果你可以掌控局面,那就会被局面所累.
我一直思考要么不做,要么做的很绝很彻底,对于之前的Java组,这是对是错的,之前很多时候揉不得沙子,现在是做好本质事情,适当推进部门内部的事情,软硬兼施吧,也不能这么说,用点巧力去做.

反思总结:
    1.之前晚上不吃饭,跑步没有见瘦,我知道一定是方式方法错误的,那么必须花钱找个适和自己的教练,采用正确的方式去处理,因此这几天虽然吃饭,但是有原则性的吃饭,我也没有长胖的,之所以没有得到想要的结果,那就是因为你没有厉害的教练,以及你没有采用正确的方式和方法.
    2.改变下风格,问题出现不是想谁tnnd搞的问题,而是聚集于如何把这个问题解决,以及这样的问题如何避免再次发生,然后给其他人方案,然后去分析,让他们去选择方案,尽量少给别人排版决定事情
