
08:40 到公司
08:41-08:53 思考整理项目延期的问题
08:54-08:57 整理桌面卫生情况
08:58-09:18 免登陆方法处理
09:19-09:37 组织Java组早会
09:38-10:25 处理免登陆appKey内容处理
10:26-10:35 休息+加餐西红柿
10:36-11:05 进行常量数据重构
11:06-12:00 测试安全模块业务内容
12:01-13:00 午休
13:01-14:22 联调zuul和安全模块内容
14:23-14:36 查看设置安全项目使用的缓存数据库
14:37-15:10 休息
15:11-16:28 处理一堆乱七八糟的事情
16:29-20:13 进行安全项目基础安全测试

0.设置安全项目使用的缓存数据库
1.测试完成不传入任何参数情景测试
2.测试完成没有传入appKey情景
3.测试完成没有传入timestamp情景
4.测试完成没有传入sign情景
5.测试完成没有传入signMethod情景
6.测试完成传入错误的signMethod情景
7.测试完成传入签名内容缓存5分钟,重复使用签名无法访问
8.测试完成时间戳超时设置测试
9.测试完成测试appkey到期使用情况
10.测试完成appkey没有到使用日期进行使用情况
11.测试完成appKey在没有状态是未启用使用情况
12.测试完成appKey停用状态下使用情况
13.测试完成appKey非免登陆情况
14.测试完成appKey免登陆情况,必须手动传入IP
15.测试完成当前方法不在授权方法列表中情况
16.测试完成当前方法在授权方法列表中情况


技术管理:
    1.管理层应该求稳,求业务的发展,我求的是工作态度和能力复合我要求的人,两者之间的不断冲突的,要么我降低要求,要么我不降低要求,这是个问题,也不是个问题,自己很容易决断的,也算是个我埋下个伏笔.	    
    2.如果正常工作在我周围进行讨论,我还暂且可以接受,如果在我周围嘻嘻哈哈聊天,那么我就比较痛苦了,以后需要注意的事情,找个相对比较安静的地方去工作.
    3.现在的公司问题描述的一团乱,具体问题都无法有效地去界定的,真差劲的要命.
反思总结:
    1.刚才接到个销售的电话,英语爱好者一类的内容,我需要口气很温和地回复,但是我知道具体的目的后,那么我不想浪费我的时间,也许不礼貌,那么不想浪费自己的时间,我知道也许我将来说不准会不会也可能从事类似的事情呢,但是我猜想我不会的,我尽可能感同身受,但是没有人会在意我被占用的时间情况.
    2.工作中要表现处自己的脾气,要适当表现出来,不是不配合别人,如果什么都顺从,搞的自己像个软柿子一般,很讨厌技术差,工作态度又差的人.
    3.现在只有把任务按时保质保量完成就可以,不会再有其他的要求,最低要求.

