
08:05 到公司
08:06-08:10 整理桌面卫生,4m  
08:11-08:39 整理个人简书内容,28m
08:40-08:45 整理上周周报,6m
08:46-


1.给栋栋讲解安全模块的缓存空间设计
2.给田伟统计6月案件个数
3.参加管理层会议
4.处理完成appKey+id拦截内容
5.重构完善appKey+id处理内容
6.和穆哥,林阳,栋栋讨论微信支付和到款方内容
7.完成appKey+ip拦截策略
8.整理完成method+appkey+id限制拦截
9.处理完成method+appkey+ip开发
10.对代码可读性和可维护性进行处理
11.实际验证订单类中crm字段缺失的问题
12.和栋栋讨论下禁用表设置和禁用数据统计的事情
13.联调调试zuul和安全模块
14.查看商标取消订单数据库状态存在问题的情况
15.参加变转续产品会议
16.参加穆哥组织的研发会议
17.设置安全项目使用的缓存数据库
18.测试完成不传入任何参数情景测试
19.测试完成没有传入appKey情景
20.测试完成没有传入timestamp情景
21.测试完成没有传入sign情景
22.测试完成没有传入signMethod情景
23.测试完成传入错误的signMethod情景
24.测试完成传入签名内容缓存5分钟,重复使用签名无法访问
25.测试完成时间戳超时设置测试
26.测试完成测试appkey到期使用情况
27.测试完成appkey没有到使用日期进行使用情况
28.测试完成appKey在没有状态是未启用使用情况
29.测试完成appKey停用状态下使用情况
30.测试完成appKey非免登陆情况
31.测试完成appKey免登陆情况,必须手动传入IP
32.测试完成当前方法不在授权方法列表中情况
33.测试完成当前方法在授权方法列表中情况
34.总结Java组关于接口参数校验的问题,总结文档和发送邮件
35.和穆哥沟通变转续和下半年事情
36.和栋栋沟通后续的任务事情处理情况
37.思考昨天批量下单需要的字段内容没有经过测试允许直接上pre环境的问题,发送邮件
38.测试完成executor不是数字情况
39.测试完成appKey限制limit拦截设置不存在情况
40.和穆哥讨论商品和合伙人之间的判断设置问题
41.协助栋栋处理安全管理后台无法启动的问题
42.进行周五的代码审核事情
43.帮助栋栋处理完成springboot和vue的整合
44.完成初次访问appKey统计拦截,但是不进行频率统计,开发成本过高
45.测试完成不初次进行appKey统计拦截
46.测试完成appKey首次进行appKey+id拦截,但是不进行频率统计,开发成本高
47.测试完成appKey访问次数限制情况下,进行访问测试
48.测试完成没有appKey+id的特殊设置和公共设置情况
49.测试完成设置公共appKey+id进行拦截的情况
50.测试完成第一次进行appKey+id访问频率设置
51.测试完成没有设置appKey+ip的拦截限制
52.测试完成appKey当日访问次数限制拦截,明天才可以使用
53.测试完成method+appKey+id在没有设置特殊访问规则和公共规则进行反问
54.处理栋栋的安全管理后台method+appkey+id的公共规则设置缓存无法正常使用的问题
55.测试完成method+appkey+ip设置内容
