
08:50 到公司
08:51-08:55 整理桌面卫生
08:56-08:57 思考今日任务内容
08:58-09:01 查看瘦身课程记录
09:02-09:18 思考编写spring boot练习第一天内容
09:19-09:40 组织Java组早会内容
09:41-09:47 处理深度优化pre环境zuul无法启动问题
09:48-09:54 休息
09:55-10:21 处理完成appKey+id处理内容
10:21-11:35 和穆哥,林阳,栋栋讨论微信支付和到款方内容
11:36-11:57 进行会议内容总结
11:58-12:40 午饭
11:41-13:15 午睡
13:16-13:26 将到款方任务进行分派
13:27-13:47 处理appKey+ip拦截策略
13:48-13:55 休息
13:56-14:04 完成appKey+ip拦截策略
14:05-14:25 处理method+appkey+id
14:26-14:40 休息
14:41-15:07 初步处理method+appkey+id
15:08-15:15 休息
15:16-15:46 重构安全模块代码,进行重命名和包结构处理
15:47-16:32 处理完成method+appkey+id开发
16:33-16:50 休息
16:51-17:20 处理完成method+appkey+ip开发
17:21-17:56 对代码可读性和可维护性进行处理
17:58-18:39 处理下订单类中crm字段缺失的问题
18:40-19:10 晚餐
19:11-19:46 实际验证订单类中crm字段缺失的问题
工作任务安排:
1.整理完成spring boot的第一天内容处理
2.完善appKey+id限制拦截
3.完成appKey+ip限制拦截
4.初步整理完成method+appkey+id限制拦截

完成任务:
1.重构完善appKey+id处理内容
2.和穆哥,林阳,栋栋讨论微信支付和到款方内容
3.完成appKey+ip拦截策略
4.整理完成method+appkey+id限制拦截
5.处理完成method+appkey+ip开发
6.对代码可读性和可维护性进行处理
7.实际验证订单类中crm字段缺失的问题

技术管理:
   1.一个人在公司最大的依靠就是上级对自己的信任,这才是最大的依靠的,所以不断要给自己做加分项,而不是减分项,然后不断增加信任度,我认为这才是在一个公司立足的根本.所以如果培养这种信任关系,不管是任何职位的任何人都需要思考的人.那么如何培养这种信任感呢? 处理好分派的事情,多沟通交流,如果不熟悉不会有信任感,同时不畏惧不害怕沟通交流.对于自己以后见到职级高的人大方打招呼.
   2.九点二十早会,那么九点十九就要过去,如果九点二十才走,那么就会存在比较多的问题,最关键的就是拖延再拖延,有时候惩罚虽然很不舒服,比如管理层会议,迟到1分钟50块钱,惩罚不是目的,目的是让大家养成是守时的习惯.一旦存在拖延,就会出现大家的不重视,一个人拖延就会出现第二个人拖延,一个人拖延一分钟就会出现第二个人拖延十分钟,为了不出现问题,那么就给自己定个闹钟好了,九点十八提醒自己需要准备,然后去会议室.所谓的提点,所谓的帮助,不是主动去施与太多,因为没用,所以需要帮助的时候,来请求帮助,我们再施与帮助,感恩的人不多,这个是个事实,所以感恩的人才值得帮助.
   3.如果一件事情是正确的同时是应该做的,那么要如何处理呢? 我要去说明做这件事情的意识和目的,如果意义和目的已经说明白了,还是推进的比较慢,那么我去最近,如果不能协助我推进的,要么换人去推进,要么强力去推进而已.git push -f.意义和理由说一遍即可,然后评估是否有执行去做这件事情的环境和资源,如果大体上没有问题,-f.

反思总结:
   1.我应该根据每天的工作日志时间情况,统计我每天工作多少时间,思考多少时间,休息多少时间,这样我的工作日志更能有参考价值.
   2.云飞找我说转正事情,虽然我比较慢,但是还是要和云飞进行面对面聊事情的,不然个人认为比较没有礼貌的,以后谁找我说事情,都要直视对方的,不然真的感觉很没有礼貌,需要我注意的.
   3.当然不会进行回退,为什么要回退,这年后唯一做的就是不需要后悔的,有什么需要后悔的呢,知道感恩就好.
   4.想起羊皮卷中有这么类似的内容,回家就不要谈工作事情,把工作和生活隔绝开来;工作的时候就不要谈家事,要做到工作事情和家庭事情彻底分开.
