
09:15 到公司
09:16-09:17 整理桌面卫生
09:18-09:20 思考当日任务安排处理
09:21-09:30 组织Java早会
09:31-11:44 处理测试环境jenkins的事情,彻底全部拆分出来
11:45-12:33 整理pre环境jenkins的构建问题
12:34-13:40 午休
13:41-14:50 处理修改pre环境的jenkins设置
14:51-15:10 处理完成pre环境的jenkins设置
15:11-15:30 和栋栋出去透透气,沟通下最新的工作
15:31-16:00 和栋栋讨论安全接口项目处理
16:01-17:35 查看栋栋做的pro环境jenkins配置
17:36-18:34 梳理研发流程的节点问题导图整理

1.处理测试环境jenkins的事情,彻底全部拆分出来
2.整理pre环境jenkins的构建问题
3.分派pro环境的jenkins构建给栋栋
4.临时给栋栋云飞讲解下目前jenkins的配置和各个配置的作用
5.和栋栋讨论安全接口项目处理
6.查看栋栋做的pro环境jenkins配置
7.梳理研发流程的节点问题导图整理


技术管理:
   1.和栋栋出去透透气,闲扯了很多,他说自己锻炼了很多的,那么表示我给他的任务的难度和个数都应该处于适中的地位,同时我对栋栋的领导,暂且称之为领导,我得目前来说,对他的发展比较到位的.
最起码自己认为收获比较多的.并且他给我反馈的信息是,当初git比较差根本用的不好,到现在全命令处理,都很顺利,我认为这一点,我的付出比较值的.我应该每天找个人和我出去转转,多听听他们的声音.
   2.研发和产品关系最密切,那么其实多和产品的沟通就是有必要的,和晨旭随便闲聊,就知道公司可能发生的产品动态和公司发展的目标和方向,那么有个问题,是不是我们都要熟悉下我们这艘大船驶向何方呢,
对于可能中途离开的人,可能并不需要的,你不知道大船是到了湖畔,还是小溪,还是大海中的,但是如果想发展长远的话,那么不管是谁,哪怕是个小喽喽,我们都需要公司的发展方向和发展战略的.

反思总结:
   1.打算让栋栋负责jenkins,那么我就要给他适度的练习的,虽然这些东西我处理起来很快的,但是也要把很多机会给他们去处理,增长必要的知识和能力,最近这个意识不断去行动,很多时候我要强化这个行为.我在思考,利阳,云飞,斌斌的提升是否满意呢?这些目前的反馈并不是那么多的,这个需要我去做的.
   2.很多时候自己的邮件并没有被回复的,那么这样的东西要不要继续去做呢?首先问自己应不应该去做,如果应该去做,那就去做,不去管值得不值得.然后自己私下想办法得到反馈,然后再感觉值得不值得,如果不值得,那就不去做啊.关键是你做事情的目的和出发点是什么,如果还能对自己有帮助,那么就去做,仅此而已.
   
