

08:35 到公司
08:36-08:42 处理杂事,找本书籍
08:43-08:45 整理桌面卫生
08:46-08:55 思考今日任务安排
08:56-09:20 思考总结Java组的反思总结情况
09:21-09:46 组织Java组早会内容
09:47-09:52 休息
09:53-10:20 整理完成Java组的反思总结
10:21-11:02 思考接口安全项目设计
11:03-11:08 休息
11:09-11:34 和林阳讨论二次指派和核查不通过隐藏的问题
11:35-12:00 思考安全模块设计
12:01-13:20 午休
13:21-15:10 思考处理安全模块设计
15:11-15:30 休息
15:31-16:18 粗浅整理微服务原理讲解文档
16:19-17:00 思考安全模块设计
17:01-18:00 给Java组讲解微服务原理中注册发现,配置中心等原理性内容

今日任务:
   1.反思总结转正后不需要继续写
   2.安全模块项目设计
   
1.思考总结Java组的反思总结情况
2.和林阳讨论二次指派和核查不通过隐藏的问题
3.粗浅整理微服务原理讲解文档
4.给Java组讲解微服务原理中注册发现,配置中心等原理性内容

技术管理:
   1.昨天问我安全模块设计,叮嘱我可不要在qds和深度优化弄两套处理的.为什么会出现这样的情况?我猜测是因为支付回调弄了两套代码,这意味着什么呢,处理的问题方式不正确,领导只看结果,时间需要自己去争取的.之所以当初两套代码是因为时间短,并且两者之前无法兼容,深度优化是只负责商标注册类,而qds负责的是非商标注册类内容,只是没有完美地解决掉而已.给穆哥那留下的印象就是整合差.原因还是在于当初没有据理力争时间的,导致的情况.
   2.我思考总结的邮件就是属于没有反馈的内容啊,这是我应该做的那就去做好了,这个属于佛度有缘人,利人利己的事情.是否利人暂且不知,如果其他有收获就是利人的行为,如果其他人没有收获,那么我在整理和思考的时候,梳理出来结果对我的帮助其实还是非常大的.做事情最完美的结果就是利人利己,其次利己不损人.

反思总结:
   1.坚持不瘦是需要毅力和强大的内心的,因为随时可能会说你怀了多久的,不瘦下来要比瘦下来更艰难,所以还是选择瘦下来,管住自己的所有,一定瘦下来.没有瓜田李下的问题,就是不想成为讨厌的话题的中心和焦点.
   2.提升组员的技术能力和知识眼界,是我的职责重要部分,这一点做的不好,微服务原理很早就应该讲解完成的.因为自己中途出现的种种问题导致拖延到现在.磨磨唧唧的,以后按照自己的分享提升节奏来.借用徐姐的话,应该做的事情,那就好好去做.

