
09:03 到公司
09:04-09:08 整理桌面卫生
09:09-09:11 整理个人简书内容
09:12-09:20 思考今天的事情安排处理
09:21-09:32 组织Java组早会内容,分派事情
09:33-09:55 思考学习人工智能的问题
09:56-10:03 处理完成昨日上线内容合并到上线分支
10:04-10:36 讨论栋栋的处理附件信息的材料内容
10:37-11:23 处理批量确认到款接口内容
12:24-11:53 优化处理下批量到款接口内容
11:54-13:39 休息
13:40-14:10 查看和排查批量到款中数据为全部金额的问题
14:11-14:25 查看上午确认到款的订单数据居然出现0的问题
14:26-16:41 头脑发蒙已经不记得自己到底做什么事情
16:42-

1.处理完成昨日上线内容合并到上线分支
2.讨论栋栋的处理附件信息的材料内容
3.处理批量确认到款,新科的客户
4.查看和排查批量到款中数据为全部金额的问题
5.查看上午确认到款的订单数据居然出现0的问题



今日处理事情:
    1.栋栋附件内容处理的判断和校验,以及支付回调使用
    2.利阳的定时任务处理问题,和短信费发送
    3.栋栋和利阳使用同一个分支处理
    4.小组形式处理,栋栋,利阳,云飞事情处理,栋栋把控事情进度,下周一需要提测,下周二上线
    5.云飞的接口上pre
    6.云龙的申请人信息内容处理
    7.斌斌短信发送事情处理

技术管理:
    1.早会上把任务分派完成,每个人都分派了需要完成的事情,以及告知时间结点,感觉早会基本上已经形成这样的规模,平稳进行中.早会前提前10分钟思考每个人需要做什么事情,以及如何分派,思考可能有的难度问题等等,应对的方式方法.
    2.




