
09:08 到公司
09:09-09:10 整理桌面卫生
09:11-09:16 整理个人简书内容
09:17-09:20 整理本日任务安排
09:21-09:44 Java组早会内容
09:45-10:02 思考和通知Java组联调存在的问题,以及解决方法,发送给Java组
10:03-10:31 反思深度优化存在的问题和继续发扬优势的地方
10:32-10:49 给斌斌查看代码保存附件
10:50-12:23 编写完成深度优化反思内容
12:24-13:37 午休
13:38-17:35 下午合伙人


任务安排:
    1.栋栋,云飞,利阳,整理订单状态业务内容
    2.利阳,栋栋,云飞状态之前处理的内容,和这次处理的一起上线提测.
    3.没有任务的同学,云龙整理合伙人的反思总结,整理完发送给Java,php,抄送给穆哥,盛哥
    4.斌斌,上传附件内容处理.是否处理完成


1.思考和通知Java组联调存在的问题,以及解决方法,发送给Java组
2.给斌斌查看代码保存附件
3.编写完成深度优化反思内容


技术管理:
    1.每个人都有合理表达自己不满的权力,如果有不满积攒着,积攒到达一定程度,那么最后的结果,一定是自己离职的.因为不满或者不信任积攒达到质变,一定没有任何意外的.不在沉默中灭亡,就在沉默中爆发.
    2.突然脑海中闹出来句话,对你喜欢的行为,鼓励的行为,出现了,那么就鼓励,支持,赞扬,来促进下一次的事情的发生;对你不喜欢的,不鼓励的行为,出现就及时批评,纠正,不要出现第二次.
反思总结:
    1.深度优化总结差不多10-15页内容,足够啦.


关于spring devtools的学习介绍:  https://blog.csdn.net/qq_23212697/article/details/54629051
关于spring security四种实现方式:  https://blog.csdn.net/bao19901210/article/details/52574340
关于lombok学习介绍:   https://www.jianshu.com/p/365ea41b3573









