
09:18 到公司
09:19-09:20 整理卫生
09:21-09:33 Java部门内部早会
09:34-10:32 处理流程反馈的问题查看,协助孜超处理pre环境
10:33-11:55 处理qds和深度优化代码合并问题
11:56-13:35 午休
13:36-16:32 处理批量支付的pre环境处理
16:33-17:32 重新进行处理完成批量支付本地测试
17:33-20:10 处理线上问题

1.处理qds和深度优化代码合并问题
2.处理批量支付的pre环境处理
3.重新进行处理完成批量支付本地测试
4.处理批量智能注册线上问题
5.查看市场部晓龙订单无法查看详情的问题


技术:
    1.频繁切换了太多的环境,开了非常多的环境,导致每次更新环境都增加新的账户,让研发人员频繁切换地址,保存一堆有用无用的账户,
每次都要翻邮件,上一周可以的,这一周就不能用了,然后找账户.同时对于测试环境也是,每次都是v-num,频繁切换大脑的cup,真的让研发人员很烦躁,
最起码让我感觉很烦躁的,环境不需要太多,自己的开发,测试环境,上线环境就可以.固定的几个地址.
    2.就是很多时候你说了很多次,但是其他人是不以为意的,遇到这个情况,是怎么个情况呢,是你没有说明白,还是别人没有听懂呢,不知道怎么回事啊.
管理确实比较费心费力的,招聘合适的人非常不容易的,希望我能把大家培训好了.

思考:
    1.今天整天处理合并的事情,很多事情真的需要主动精神的人,这个世界是属于负有主动精神的人去开创的,凡是等靠的人是没有什么发展的.同时要思考
什么时候做什么事情,职场不是给你学习的地方,学习可以下班后学习,职场就是要多掌握业务,多处理事情,而不是没有事情就做自己的私事的.
    2.提交之前必须各种情况都需要测试完成,如果不测试,会给别人增加非常多的麻烦的.尤其做开发,思考,是非常非常重要的事情.不思考,只能是代码搬运工,
希望我要求的每日的思考,对若干人会有用,同时试用期过后,如果不想继续写,那就不写了.佛度有缘人,泯然众人的人太多了,不差几个.
    

