
08:32 到公司
08:33-08:43 整理桌面卫生
08:44-09:20 研究员工离职的原因
09:21-09:29 Java组部门内部早会
09:30-10:07 编写给张翼的批量删除的sql脚本数据.
10:08-10:28 给斌斌,文龙查看业务或讲解业务
10:29-11:52 处理查看上线长度较短的订单编号查询不了详情的问题
11:52-12:03 和穆哥讨论支付回调增加到款公司
12:04-13:37 午休
13:38-15:59 疲于奔命,处理很多事情,处理线上合伙人无法处理订单的问题
16:40-17:43 处理给新伟的附件接口内容
17:44-18:40 处理测试环境深度优化的环境问题
18:41-19:20 跑步,休息
19:21-20:31 处理上线问题和给栋栋查看代码提交的问题


1.编写给张翼的批量删除的sql脚本数据
2.给斌斌,文龙查看业务或讲解业务
3.处理查看上线长度较短的订单编号查询不了详情的问题
4.处理线上合伙人无法处理订单的问题
5.处理测试环境深度优化的环境问题
6.处理上线问题和给栋栋查看代码提交的问题


技术管理:
   1.今天的情绪管理控制的比较差,貌似把其他人给吓到了,栋栋这块分派的事情完成的不好,哎,我要控制情绪的.事实上,栋栋做事目前有些缩手缩脚,我要控制我的情绪.控制情绪控制情绪.
   2.文龙今天和php,还是qa的沟通不是很好啊,具体我也不知道为什么如何,本来打算咨询问问,但是今天实在太累了,没有处理这件事情,我的失误和问题.

思考反思:
   马云说的离职的原因有2个,只有两点最真实,钱，没给到位;心，委屈了;这些归根到底就一条：干得不爽。员工临走还费尽心思找靠谱的理由，就是为给你留面子，不想说穿你的管理有多烂、他对你已失望透顶.仔细想想，真是人性本善。作为管理者，定要乐于反省.
   是不是每位员工都是不安分守己的，都想不断地变换公司，都以换公司换得越勤越好，越多越引以为荣呢？答案当然是否定的。HR们应该都有这样的经验，在一个公司工作满一年或是两年以上的员工，对公司的企业文化已经较为熟悉，而且对公司也有了一定的感情，一般情况下都不大愿意离开公司，但一旦他们决定了要离开公司，就一定很难再挽留。因此，作为企业的HR们，要想对症下药，避免重蹈覆辙，首先要弄清他们离职的真正原因.
   好的薪酬待遇,不管你承认与否，薪酬水平已经成为影响求职者择业的重要因素,企业只有具备了有竞争力的薪酬水平，才可能有效地留住员工.他们只要求在一个和谐、轻松、公正、公平、进取、团结的团队里工作，他就开心，就精神舒畅，所以，我们的管理者应该极力营造这样的文化氛围，有了这样的氛围，团队才会有凝聚力，而有了凝聚力的团队，要想员工离开，你大概只有通过强制裁员.
   较大的发展空间，给员工以希望，给员工以动力。没有希望，看不到前景的企业，是无论如何也激不起员工的工作热情的，这样的企业也不可能让员工安心留在公司工作.给员工提供足够多的培训机会,海尔的张瑞敏曾对他的管理人员这样说过：员工刚进入公司素质不高，不是你们的错，但一段时间后，员工的素质还是不高，就肯定是你们的错.有的企业也不是没想过要对员工进行培训，但是培训就得有投入，因为舍不得投入，而不为员工提供培训机会，实是得不偿失。松下公司就非常看重对员工进行培训.
   别说员工的不是，尤其是在背后。员工都讨厌领导在背后批评自己，就算是善意的也不行。实际上，当着员工的面批评另一位员工，将会适得其反.别轻言承诺，但一旦承诺，风雨不改。很多领导人为了笼络人心，总是会许下一些承诺，但因为这样那样的原因，一些承诺往往不能兑现，而我们的领导人对此也并不在意，觉得无所谓，但我们的员工却不这样想，他们会认为领导言而无信，也不会再轻易相信你。真到那时，领导想要改变自己在员工心目中的形象，可就难上加难了，员工有了困难，有了想法，也不会告诉领导，日子久了，得不到适当的渲泻，到最后，导致的必然是员工选择离职.
   记住，员工是对的，员工没做好不是员工不优秀，而是我没给员工足够的支持。也许这句话初听起来感觉有些可笑，但实际上，如果员工没做好，领导们总能从自身去寻找原因，给员工以更多的支持，给员工以更多的帮助，员工必然会从心里感激领导，就会更加努力地工作，只要员工真正投入，相信一切困难都不能再称之为困难。
   对骨干员工或重要岗位员工，要舍得付高薪。既使高出其它岗位较多也无所谓，要拉大岗位水平，只有这样，你才可能吸引住核心员工，我们说，普通员工流失，随时可以信手拈来，但重要的、核心的员工一旦流失，对企业将会产生不可估量的损失.
   奖惩分明、重奖重罚。对对企业有重大突破的员工，不妨对之实行重奖，这样做的好处是，一方面可以提高员工的收入水平（员工也会计算收入），另一方面，对员工也是一种有效的激励作用，因为员工知道，只要有付出有贡献，就一定会有好的回报，于是在以后的工作中，将会更加卖力。
   

