

09:15 到公司
09:16-09:20 查看领导力300讲介绍
09:21-09:37 Java组内部早会事情
09:38-09:44 整理个人简书内容
09:45-10:28 深度优化项目早会
10:29-10:40 整理4月3考勤异常问题,支付相关内容交接内容
10:41-10:53 休息
10:54-11:20 处理和分配测试环境jenkins权限信息
11:21-11:42 查看栋栋的代码内容
11:43-11:54 处理支付完成后,已经上传附件需要进入上传材料后的状态
11:55-13:29 午休
13:30-13:45 给Java组讲解jenkins的基本使用
13:46-14:10 给文龙和斌斌讲解订单业务和分派任务
14:10-19:00 处理线上的问题
19:01-19:40 休息,跑步
19:41-20:06 处理完成批量上传附件出现必填数据为空的情况

1.查看栋栋的给新伟提交附件的代码内容
2.处理和分配测试环境jenkins权限信息
3.给Java组讲解jenkins的基本使用
4.给文龙和斌斌讲解订单业务和分派任务
5.处理Java组上线的代码合并事情
6.处理批量保存附件的问题


思考:
    1.以后自己的笔记本需要带回家,早晨要学习的时候,居然发现笔记本没有带回来,这浪费很多学习时间,需要我注意.没有意外的事情,笔记本都带回家.
    2.先找内容,然后去思考处理问题.更多时候,我不介意问题的发生,但是我介意没有好好思考跟踪代码的问题发生,需要你用尽全力,断点跟踪总不会有问题,
但是如果没有认真细致处理问题,让我去处理,我就表示怀疑处理问题的方式和方法啦.咨询别人的时候,务必思考把自己思考的内容,能思考的深度都深度,和查看的资料都细致的查询,而不是直接来找我,或者咨询下其他人后在找我.

技术:
    1.阵痛,必须忍的啊,比如支付回调就应该新的深度优化的代码功能,或者说调用深度优化的代码功能,应该以spring boot拆分出来的功能.一个人的素质和职场素质是无法短时间内改变的,遇到问题的第一反应,应该是我能怎么处理掉问题,而不是推脱,找各种理由和接口,如果理由和接口对事情有帮助,那需要什么执行力的.
    2.如果没有完美的人,有完美的团队,那么如何搭建完美的团队呢?回家把团队的秘密再看一遍.已经说过的内容,并没有批评任何人,是不是我设置的规矩多了呢?比如说深度优化订单模块内容都由我审查后才能提测呢.是不是没谁会在意这些事呢,要养成一些事情或者规矩都需要不断去磨练去养成的,不然是不行的.
    3.如何对待新和旧的项目呢,旧项目保持稳定运行,新项目逐步完善,然后将旧项目中内容逐步迁移到新的项目中处理即可.今天和来广营三楼类似,一直合并代码到pre处理这些问题,目前没有培养出来git比较熟练的人,只能自己动手去操作.希望1-2个月有人可以能接手类似的问题.
    


    

1.李志江  用户,代理人,报表系统
2.韩亚辉  第三方系统,appKey管理,qds签名等架构

