08:30 到公司
08:31-08:33 整理桌面卫生
08:34-08:44 整理最近的简书内容
08:45-08:49 查看穆哥给我的考评内容
08:50-09:21 处理修改代理人修改商标订单的金额计算
09:22-09:31 休息
09:32-09:41 休息
09:42-10:46 处理商标订单金额计算
10:47-11:07 处理商品无法获取到商品图片问题
11:08-11:20 休息
11:21-11:50 处理修改代理人修改商标订单的金额计算
11:50-13:15 午休
13:16-13:45 重新计算商标订单金额
13:45-14:08 休息
14:09-14:54 处理保存和修改代理人修改商标订单分组判断
14:55-15:22 休息
15:23-15:53 编写修改商标订单内容
15:54-16:00 休息
16:01-17:33 开发完成代理人修改商标订单内容
17:34-17:47 休息
17:48-18:11 把异常统一放在基础项目中
18:12-18:47 测试代理人修改商标订单内容
18:48-19:20 休息
19:21-20:00 测试代理人修改商标订单内容
20:01-20:20 深度会议



1.重构商标订单金额计算
2.处理保存和修改代理人修改商标订单分组判断
3.开发完成代理人修改商标订单内容
4.把异常统一放在基础项目中,做全局异常处理
5.基本初步把代理人修改商标订单内容完成


思考:
    1.早晨8点半到公司,第五名,说出来的就得做到,把这个行为变成习惯,早8点30到公司,不是很早,但是相对9点或者9点半之前,已经算是比较早的.
    2.经过这么多天的记录,做开发的时候,开始做思考的时间比重还是比较大的,这才是做开发应该有的行为习惯,这个习惯应该是彻底养成了.
    3.职业素质就是在职的时候好好干,打算离职就痛苦地离职,个人认为应该就是这样.
    4.怎么降低订单业务的复杂性呢,商标订单内容修改一处,就要牵动很多其他方面的内容,abc三个维度,修改了a,必须修改bc维度啊,我要如何降低这个维度进行拆解呢?我的天啊,真的受不了啊.
尼斯分类,金额,交官类别,问题很多啊.
    5.应该认真思考每个模块给谁去负责了,一个萝卜一个坑地去处理,或者两个萝卜一个坑.

技术:
    1.一个感触订单金额计算这开始是好多金额计算,然后做封装,现在感觉封装的比较差,然后拆开处理,单一职责和可读性某种程度需要做若干妥协.
    2.针对于非常复杂的业务开发,第一必须保持好的心态啊,复杂业务第一非常考验人的耐心,第二要把复杂业务进行分解去开发,这样就不会有其他的问题,平复心情,达到这个目标你如何去做,
之所以烦躁,是因为没有头绪,事情那么多,任何人都可能看不到尽头而感到烦躁啊.所以压制自己的烦躁,分解任务,然后思考完成后,那就去一步一步去开发.
    


    

