
08:10 到公司
08:11-08:13 整理桌面卫生
08:14-08:59 处理智能推荐尼斯分类内容的数据库表内容验证性梳理
08:59-09:06 休息
09:07-09:27 处理智能推荐尼斯分类内容内容
09:28-09:45 深度优化会议
09:46-09:52 休息
09:53-11:00 修改智能推荐内容的设计
11:01-11:04 休息
11:05-11:54 编写智能推荐返回值内容
11:55-13:36 午休
13:37-14:02 编写重构智能推荐返回值
14:03-14:30 和穆哥等人讨论合伙人内容
14:31-18:13 和穆哥沈哥讨论数据迁移的问题
18:14-20:04 处理app合伙人提出的问题,处理4个问题
20:05-

思考:
    1.讨厌别人在自己工作的时候在我周围瞎了了,那么我以后不要去别人那里瞎了了,耽误别人工作的,己所不欲勿施于人,今天才发现自己耽误别人很多宝贵的时间.
    2.产品经理很多产品都不熟悉的,导致设计的有出路,我认为单独的产品经理负责单独的产品线,这个非常的好.
    3.实在不喜欢被动地开发,产品说啥就是啥,要讨论,前提你的熟悉你得懂啊,我还是喜欢主动参与,今天突然感觉自己主动参与的程度低了,但是更多的是之前参与深度优化的多了,最近一直开发,懒得参与了.

技术:
    1.不考虑其他人感受的代码,本质上都是恶意对别人的攻击.这个代码可读性必须作为重要的衡量指标,可用性和可读性并行.如果只是可用性,可读性非常差,扣除50%的质量绩效.
    2.你不主动去影响历史塑造历史,那么你就必会历史所影响和束缚着,我收回订单模块的代码,这个是我做的非常明智的.还有代码洁癖感觉越来越重,实在无法忍受.翻了翻了16年的代码,感觉这是我写的嘛,烂的我都无法忍受.

    
