
09:08 到公司
09:09-09:11 整理桌面卫生
09:12-09:28 处理周报和查看日报周报
09:29-09:55 深度优化早会内容
09:56-10:34 处理代理人填写交官信息
10:35-10:40 休息
10:41-11:13 编写代理人修改和保存交官信息
11:14-11:20 休息
11:21-11:50 处理代理人修改和保存交官信息修改
11:51-13:30 午休
13:31-14:07 编写代理人修改和保存交官信息
14:08-14:15 休息
14:16-14:40 编写代理人修改和保存交官信息
14:41-14:45 休息
14:46-15:15 编写代理人修改和保存交官信息
15:16-15:21 休息
15:22-15:56 处理保存和修改交官健壮性编码开发
15:57-16:07 休息
16:08-16:15 处理启信宝查询不到被禁用的问题
16:16-16:49 处理保存和修改交官操作
16:50-17:01 休息和先潮讨论支付订单编号和商标订单编号统一问题
17:02-17:41 处理保存和修改交官中附件接口设计
17:42-18:43 处理启信宝无法搜索的问题,处理完成
18:44-19:33 保存和修改商标订单模板设计完成
19:34-




1.处理保存和修改健壮性编码开发修改
2.处理保存和修改交官中附件接口设计
3.处理启信宝无法搜索的问题,处理完成
4.保存和修改商标订单模板设计完成



思考:
    1.不知不觉就变成温水里面的青蛙,要对抗环境的同化,不能九点后才来公司,以后保持8点半准时到公司,实践完成4点起床中,哪怕不是第一个到公司,也会前三名到公司.
    2.之前的公司也只不过1小时午休时间,然后早点吃饭,早点工作,差不多就是11:50-13:00而已,那么我就这么要求自己,这么处理即可.所以8点30到公司,11点50去吃饭,13:00到公司工作,完成它.
    3.本以为可以听歌时候编代码呢,现在发现无法处理,我想任何大公司可能也不会要求如此吧,编程如此,那么以后严格要求自己,上边敲代码的时候不听歌
    4.很多外在的事情,我是无法掌控的啊,同时也是掌控不了的,那就尽人事知天命,同时自己可以掌控的内容,沉默闭嘴,努力去掌控,喋喋不休了了不止是没有任何用途的.说,解决不不多的问题,去做.


技术:
    1.如果订单内容的价格或者流程,决定角度是商品,那么新增加个维度是用户,此时用户和商品信息维度都是订单的计算和支撑维度,维度个人认为不需要太多,如果比较多,
那么就会增加业务的复杂度,应该保持在相对不那么复杂的程度,不然业务是在太复杂,开发和维护太麻烦.想起在a站的技术vp说的,互联网就三大方面,大数据,高并发,业务复杂.
三选一.
    2.如果保证健壮性和安全性的验证,这是个需要权衡的问题,太多太少都是问题,但是如何才能恰到好处地做健壮性处理呢.要思考啊.
