

07:54 到公司
07:55-08:15 增加用户订单列表复合状态说明
08:16-08:17 整理卫生
08:18-09:21 思考设计和开发给app的海外智能注册的国家信息查询
09:22-09:29 休息
09:30-09:45 深度优化的早会
09:45-09:50 查看斌斌的下单代码问题和文档
09:51-10:31 完成海外注册的国家或地区查询开发,测试,文档编写
10:32-10:40 休息
10:41-11:50 处理代理人复合状态,重构用户和代理人的注册类状态和tab项目
11:51-13:30 午休
13:31-14:29 处理代理人订单列表复合状态查询失败问题
14:30-14:35 休息
14:36-15:18 处理完成代理人订单列表查询和测试
15:19-15:29 休息
15:29-16:00 测试完成代理人订单列表
16:01-16:25 休息,脑袋难受啊
16:26-17:08 休息,脑袋好疼
17:09-


1.增加用户订单列表复合状态说明
2.完成海外注册的国家或地区查询开发,测试,文档编写
3.处理代理人复合状态
4.处理完成代理人订单列表查询和测试

5.处理代理人复合状态文档没有整理

思考：


技术：
     1.你说不准这些状态会增加后面的状态,还是前面的状态,还是中间的状态啊,穆哥又开始增加虚拟到款了,代码的可拓展性一定是要做好封装,封装好的代码才可能有更好的拓展性。
所谓的封装就是数据出自一处而已。
    

a.用户付款后		state=20,待上传交官文件状态
b.代理人上传文件后	state=21,等待用户确认交官文件状态
c.用户确认代理人上传交官文件后	state=22,待上传回执状态
d.代理人上传回执后	state=23,等待用户确认上传回执状态
e.用户确认回执内容后	state=24,订单结束
f.用户取消订单后	state=25,订单取消

审核不通过
注册： 用户审核不通过，流程审核不通过             
非注册:无
待递交官方
注册： 流程指派递交人员，申报排队中                 
非注册:无
待客户确认
注册:  待客户确认                                             
非注册:等待用户确认交官文件状态(21)，等待用户确认上传回执状态(23)
待代理人受理
注册:  付款完成                                              
非注册:指派代理人
待流程审核
注册:  上传材料, 等待用户确认交官, 指派审核人员        
非注册: 等待用户确认交官(用户状态)，等待用户确认回执(用户状态)
待上传材料
注册:  付款完成                                                        
非注册:待上传交官(20),待上传回执(23)
