

08:50 到公司
08:51-08:58 整理简书内容
08:59-09:02 整理桌面卫生
09:03-09:20 处理支付回调增加支付类型字段
09:21-09:33 Java组早会会议内容说明
09:34-10:07 深度优化项目早会
10:08-11:55 处理完成金额支付回调增加支付方式
11:56-13:41 午休
13:42-14:04 协助利阳处理查看线程是否启动的问题
14:05-14:19 合并安全代码到深度优化的pre环境
14:20-14:46 处理完成pre环境的安全验证
14:47-17:18 处理完成第三方订单的商标订单代理机构信息内容
17:19-19:01 参加深度优化和市场部门的会议
19:02-21:05 处理深度优化中代理人修改尼斯分类内容

1.处理完成金额支付回调增加支付方式
2.协助利阳处理查看线程是否启动的问题
3.合并安全代码到深度优化的pre环境
4.处理完成pre环境的安全验证
5.处理完成第三方订单的商标订单代理机构信息内容
6.处理深度优化中代理人修改尼斯分类内容


思考:
    1.昨天给栋栋和云飞早会分派任务后,然后又邮件通知处理代理人给渠道下单,结果并没有看邮件去又处理代理人给渠道下单,所以以后分派任务当面处理,如果发邮件,也需要去提醒一下,不然未必看,看了之后未必作为优先级去处理.
即分派事情当面说,邮件内容只是给补充性质的而已.
    2.下午和某些人聊了会,反观下自己是不是有些忘乎所以了,是不是公司待久了,缺少必要的尊重和谦虚的态度呢,我需要认真反思下自己的所作所为,尤其和新Java组同事的相处一定要注意这些事情.
    3.人无法不抱怨,尤其抱怨不公平的情况,尤其讨厌给别人背锅.所以阳飞说的不要抱怨,任何人都不可能杜绝抱怨,尤其非常有脾气的时候,怎么可能不抱怨呢.我认为公司减少抱怨,是尽可能公平,公司部门都不公平,怎么可能不抱怨呢.
想起之前说减少随地吐痰的问题,

技术:
    1.协助利阳处理线程的问题,个人确实没有好的建议啊,这个多线程的内容用的少,和模式差不多,都需要有意识去使用,去学习的,这是我的短板.
    2.看看吧,pre环境哪怕处问题,也没有人和我说的,就增勋问了我一下,当然我也需要自己查看的,其他x,本身就是一团散沙,需要我组织好我们新的Java组内容,我一定好好思考,我要打造一个什么样的团队.

    
    
