08:30 到公司
08:21-08:39 整理桌面卫生
08:40-08:43 整理简书内容
08:44-09:22 处理完成用户和代理人列表中待审核列表查询的问题
09:23-09:27 休息
09:28-10:01 深度优化早会
10:02-11:54 验证处理合伙人中的模糊查询内容
11:55-13:35 午休
13:36-17:07 处理完成用户模块代码清理
17:08-17:23 休息
17:24-18:07 和穆哥,增勋讨论金额计算和金额校验的逻辑
18:08-18:42 重新编写计算金额计算接口
18:43-19:10 休息
19:11-19:30 修改处理金额计算接口
19:31-20:00 讲解商标注册业务内容
20:01-20:15 深度优化会议
20:15-20:41 完成金额计算接口重构

1.处理完成用户和代理人列表中待审核列表查询的问题
2.验证处理合伙人中的模糊查询内容
3.思考处理申请人列表内容开发是否合并到订单模块
4.和穆哥,增勋讨论金额计算和金额校验的逻辑
5.处理完成申请人列表内容开发合并到订单模块
6.重新编写计算金额计算接口
7.讲解商标注册业务内容
8.完成金额计算接口重构

技术:
    1.整理完成按照特定字段数据排列在顶部的开发设置.
    2.如果保姆有的状态多虑,那么非注册类的就应该什么都查询不到,而不是不做任何处理,因为非注册根本没有该状态.
    3.我在思考用户模块中的那两个功能的操作情况,就两个接口,都是给订单服务的,单独使用成立个项目是不是维护成本太高了呢,感觉实在没有什么价值的啊.目前已经把拆分出去的附件合并到订单模块,
用户模块也需要合并到订单模块中,就增加用户操作,还有查询申请人的操作内容.从维护成本和调用上都是比较多的问题,并且这个问题处理应该在qds项目中处理完成,这块处理其实是冗余处理.并且申请人是订单模块的基础数据.

思考:
    1.搞的实在太久了,内心很烦躁,并且从感情上自己感觉已经很不耐烦了,没有耐心,最近表现非常明显的.
    2.事实再次证明,批量下单完成后,我要求写设计和实现文档的正确性,现在利阳接受批量下单,根本摸不到头绪,凡是不考虑后期维护的设计和开发,这种势头必须扭转和捏死.
    3.想起罗斯福夫人说的话了,你做什么对的错的都会有一群人说三道四的,那么就做你认为是正确的事情. 
    4.不理睬是次好的回应,再好的回应就是do it at all
