
08:21 到公司
08:22-08:32 查看部门内日志内容
08:33-09:09 处理查看maven私服无法处理jar问题
09:10-09:28 处理maven私服的事情
09:29-09:45 深度优化项目早会
09:46-09:57 和先潮讨论审核不通过的事情,状态还是动作
09:58-10:30 穆哥组织的部门会议
10:31-11:00 和先潮,穆哥,沈哥讨论审核不通过状态的修改
11:01-11:55 处理审核不通过状态吸怪
11:56-13:40 午休
13:41-14:14 处理完成审核不通过的内容处理
14:15-14:23 休息
14:24-15:58 处理完成分组后不写入商标订单金额的问题
15:59-17:04 处理完成管理后台修改尼斯分类不记录日志
17:05-19:47 处理签名的代码调试
19:48-20:35 业务第二讲,智能注册订单


1.和先潮讨论审核不通过的事情,状态还是动作
2.处理查看maven私服无法处理jar问题
3.和先潮,穆哥,沈哥讨论审核不通过状态的修改
4.处理完成审核不通过的内容处理
5.处理完成分组后不写入商标订单金额的问题
6.处理完成管理后台修改尼斯分类不记录日志
7.处理签名的代码调试
8.智能注册订单业务讲解


技术:
    1.昨天利阳分享了比较好的插件,让我思考个问题,那就是创建spring boot时候,idea提示的内容,我都要查看查看学习学习,说不准挖出来一座金山啊,时不我待啊.
    2.关于复用,不是一个接口包含非常多的功能,这个要适度的复用,即通用的内容,之前记录操作日志的内容,搞的乱七八糟的,导致非常多的问题,所以我把操作日志彻底分离开来,造成很多问题,如果集中处理,依旧很多问题,但是分开处理限制少,集中处理要求实在太高.

思考:
    1.加上合伙人的特殊处理,很多东西都需要考虑很多特殊的情况,无形之中工作量增加20%-30%,如何都是随意处理,很多东西就不能同用的,不能共用,很多就需要做定制开发的内容.
    2.现在压制自己内心的烦躁了,随时都向一座火山一样,可能随时都会破口大骂,就不能自己查询下,就不能自己主动处理些东西,等靠拖,明明有日志内容,可以查看日志,就是不去查看的,所以给不给权限都没啥用,干脆不给权限查看了.申请就给,不申请就不给,我就喜欢完虐等靠拖.
    3.最近需要闭嘴,不然出口必伤人啊,嘿嘿,意识到了问题,那么最近少说话,控制脾气的.其实发邮件自己也知道别人未必看,那么我总不至于一个人一个人去通知吧,没法广而告之,那么邮件就是必要的手段,个人认为我这没啥问题的
    
