08:14 到公司
08:15-08:18 整理卫生
08:19-09:01 处理批量支付金额计算开
09:02-09:07 休息
09:08-09:22 处理批量支付金额计算
09:23-09:49 处理批量支付金额计算
09:50-09:54 休息
09:55-10:25 支付订单增加分组字段
10:26-10:34 休息
10:35-11:14 处理完成用户或代理人订单列表返回值内容,以及增加支付订单分组状态
11:15-11:40 处理代理人订单列表查询不到订单问题
11:41-11:52 处理支付订单和商标订单状态查询接口
11:53-13:31 午休
13:32-14:23 处理订单状态和商标订单状态查询接口
14:24-14:29 休息
14:30-15:11 处理订单状态和商标订单状态查询接口代理和降级
15:12-15:29 休息
15:30-16:24 参加合伙人会议中讨论
16:25-16:33 休息
16:34-18:50 参加徐清徐姐商标流程会议
18:51-18:59 休息
19:00-19:11 处理完成合伙人的虚拟支付订单和订单列表的查询过滤
19:12-19:26 测试完成订单列表和文档修改
19:27-


1.将之前金额计算业务做重构,做成可复用的功能
2.支付订单增加分组字段
3.处理完成用户或代理人订单列表返回值内容,以及增加支付订单分组状态
4.处理代理人订单列表查询不到订单问题
5.处理完成合伙人的虚拟支付订单和订单列表的查询过滤


思考:
    1.昨天穆哥把文龙拉到合伙人开发中,其实我是很生气的,我最近脑袋很难受,并且感觉开发效率降低很多,事情非常多的,同时小问题比较多,也占用我的时间的.虽然我一直支持穆哥的工作,但我认为合伙人中3个开发足够了,只要肯花时间多付出一些辛苦.所以早晨给穆哥写邮件说明问题,最起码表明我的态度和意见,不能什么事情最后都是我自己扛着的.既然穆哥给回复要说明情况了,作为下属那就支持好了.我需要下面配合,那么我也得配合穆哥的工作.
    2.商标的会议应该是第二次了,在来广营一次,其实流程都已经放到git上面,又加深自己对商标注册流程的熟悉.同时对于商标注册流程的时限体会更加深刻.加深自己对消息中心可靠性投递的设计,这个需要我抽空去处理.我要做的事情非常多,但是分身乏术,好好培养几个人一起去努力.今天我还有很重要的任务就是去培养有价值的人.今年团队建设不好,都是新人,没有到达我的目标,明年我就应该辞职走人.
    3.
    

技术:
    1.很多时候代码的质量好坏,其实和能力问题关系不大,某种程度我看到的是职业道德素质的问题,代码上更能看出来是否为其他人着想的.
    2.附件被从订单模块拆分出去,某种程度是个错误,看完分布式架构应该做渐进式处理,应该把附件和订单模块合并在一起,这样可以减少订单和附件的开发难度.但是没有错误的地方在于,我对这块的业务完全明白,但是拆分出来总是感觉有点问题,具体什么原因我没有办法说出来.
    3.附件和订单进行合并,算是对自己业务理解和划分出现问题的处理,合并后感觉比较心安,好比放出去的项目又重新回归到自己的手下去处理啦.
    





   



