
08:35 到公司
08:35-08:38 整理桌面卫生,擦拭一遍
08:39-09:30 处理代理人修改商标订单查询
09:31-09:45 深度优化早会
09:46-09:50 休息
09:51-10:48 代理人修改商标注册订单接口测试完成
10:49-11:03 休息
11:04-11:52 查看和测试提交给用户确认商标订单业务
11:53-13:31 午休
13:32-14:13 测试和修改提交给用户确认接口
14:14-14:21 休息
14:22-14:58 测试提交给用户确认交官文件接口
14:59-15:11 休息
15:12-15:49 重构订单状态修改和判断接口类内容
15:50-16:09 处理测试环境无法构建问题
16:10-18:49 处理代理人保存商标订单附件无法保存的问题
18:50-18:57 处理保存第三方订单不保存实际支付金额问题
18:58-19:06 休息
19:07-


1.代理人修改商标注册订单接口测试完成
2.查看和测试提交给用户确认商标订单业务
3.重构订单状态修改和判断接口类内容
4.处理测试环境无法构建问题
5.处理完成代理人提交给用户确认接口
6.处理代理人保存商标订单附件无法保存的问题


思考:
    1.查看合伙人内容,我实在没时间写订单相关的内容,那也不能托着啊,完成不了合伙人的事情,那么我的罪过就大了,那就放开权限,需要开发的自己单独设置个包,把存在的复制粘贴一份去开发,
避免对我的代码的冲击和修改,防止我不断去善后处理,最起码对主业务流程内容不会有影响.其实我也特别佩服其他人的勇气,在不了解商品设置内容,直接用旧的业务思维处理新业务,只要出现轻微改动,
整块的业务基本都无法使用.平时不用心去熟悉业务,只靠开发时候现买现卖对业务的一知半解,根本行不通啊,也许只有一时,但是拓展性太弱.
    2.一不小心就8点30以后到公司了,自己说过的话都忘记了,对于需要长时间坚持的行为,这个真的需要很强的执行力啊.所以看很多公司的招的人都须有比较强的执行能力.

技术:
    1.除了返回值结果的链式操作,我感觉非常满意,此次代理人修改商标订单,在我的重构下,感觉很满意.以前差不多看半年前的代码感觉不满意,现在看自己一个月前的代码就感觉不满意,想动手修改啊,
那么感觉思考对自己的帮助非常大,自己的进步速度非常快,目前非常满意.
    2.在控制层处理若干业务逻辑,方便中间处理过程出现问题及时返回给调用者,这个是非常好的一点.
    


   
    
