
08:35 到公司
08:36-09:00 安装打印机,打点点资料
09:01-09:10 整理下个人简书内容
09:11-09:17 整理桌面卫生
09:18-09:30 处理合伙人中只查询第三方订单开发
09:31-10:06 深度优化会议
10:07-11:19 处理完成订单列表中h5查询内容
11:20-11:50 思考处理订单列表中商品图片
11:51-11:58 思考处理合伙人中的待评价问题
11:59-13:30 午休
13:31-13:50 思考和增加支付订单中合伙人评价状态
11:51-14:14 修改pre数据库的表结构和发邮件
14:15-14:30 和徐清先潮讨论订单列表导出
14:31-15:29 处理完成pre环境配置
15:30-15:35 休息
15:36-16:10 处理完成合伙人商品
16:11-16:54 处理完成H5的订单处理
16:55-18:05 处理合伙人订单商品设计
18:06-18:18 合伙人下单中增加商品Id和属性Id
18:19-18:48 处理pre环境无法审核不通过问题
18:49-19:40 跑步锻炼身体
19:41-19:54 处理思考审核不通过订单顶置问题
18:55-20:41 处理完成审核不通过订单顶置的问题

1.处理合伙人中只查询第三方订单开发
2.处理完成订单列表中h5查询内容
3.思考处理合伙人中的待评价问题
4.思考和增加支付订单中合伙人评价状态
5.修改pre数据库的表结构和发邮件
6.和徐清先潮讨论订单列表导出
7.处理完成pre环境配置
8.处理完成合伙人商品
9.处理完成H5的订单处理
10.处理合伙人订单商品设计
11.合伙人下单中增加商品Id和属性Id
12.处理完成审核不通过订单顶置的问题


思考:
    1.简书上的记录工作内容,之前分上午和下午单独整理,现在整理到一起,然后就感觉之前的上午下午分开,感觉不舒服,然后就想整理,想起之间的博客,自己就是如此,每一次都把之前的内容重新整理一番,然后我就烦躁了,彻底放弃了.现在旧的就保留啊,当做和现在的对比,自己就算有进步.
    2.事情分到我这里,我需要做的第一步,别人其他人,是不是努力努力思考思考就可以完成,那么我就分出去,让其他人去开发处理.而不是放在我这里面,我去处理.我要学会分派任务,信任培养其他同学.
    3.今天路上突然思考个问题,如果我是个公司的创始人,我要如何对待周围的人,会按照什么要求去招聘呢?凡是等,靠,拖的人,务必开除,毫不留情

技术:
    1.大数据,区块链,人工智能,ar,vr都一堆一堆的,想学永远也搞不完的,挑个自己感兴趣的,好好研究一番就好,不可能哪个热你就去追哪个的啊,要淡定.
    2.如果其他环境都没有问题,到了另外的环境出现问题,必定是环境或者配置的问题,不用思考,一定如此,今天居然浪费我这么多时间来查询处理这个问题,得到的就是这个结论.
    3.所谓的职业道德,什么是程序员的职业道德呢,做出符合功能的代码,然后代码腐烂的速度尽可能在自己手中慢点再慢点,然后给后来维护者一个可维护容易阅读的代码,我称之为程序员的职业良心.
    



  
    
