
08:34 到公司
08:35-08:38 看日志内容
08:39-08:41 整理桌面卫生
08:42-08:58 查看昨天订单模块提交的代码
08:59-09:25 测试批量支付金额计算接口
09:26-09:40 深度优化早会
09:41-11:05 处理斌斌的附件代码合并问题,斌斌的git非常差,需要提高
11:06-11:49 处理沈哥管理后台尼斯分类修改
11:50-13:30 午休
13:31-14:27 处理批量支付的返回值和查看斌斌处理的代码
14:28-14:37 休息
14:38-15:16 处理完成批量支付返回值内容处理
15:17-15:23 休息
15:24-17:21 处理完成附件业务在订单中的处理方式
17:22-19:00 处理完成单独的批量金额计算接口

1.处理完成附件业务在订单中的处理方式
2.处理完成批量支付返回值内容处理
3.处理斌斌的附件代码合并问题
4.处理完成单独的批量金额计算接口

思考: 
    1.代码查看后订单模块的代码被修改的乱七八糟的,根本不符合我的最初的设想和业务逻辑,管理真的不能太迁就,规矩,没有规矩问题一堆一堆的.
    2.代码洁癖越来越严重啊,这个得控制控制控制的.

技术:
    1.今天把附件项目和订单项目做合并,减少开发的难度,同时也是对自己的过错的弥补,这个做的我比较满意.同时,这个让斌斌处理,处理的我也算满意.70分
    2.重新思考学习微服务框架内容




     
