

08:06 到公司
08:07-08:15 整理桌面卫生,修改昨日日报
08:16-09:30 处理完成重复分组,金额计算等3个bug.
09:31-09:45 深度优化早会
09:46-11:07 和小玥讨论合伙人中的部分需求,理解部分设计
11:08-11:48 处理合伙人下单的参数整理
11:48-12:14 处理深度优化项目中数据库配置无法修改无法正确处理的问题
12:15-13:35 午休
13:36-13:45 新同事的电脑问题处理 
13:46-14:49 处理代理人订单列表文档增加字段
13:46-14:49 处理合伙人中代理人给客户下单接口参数
13:46-14:49 处理订单列表中重复数据
14:50-15:05 处理合伙人中参数整理
15:06-18:26 处理完成合伙人中下单接口
18:27-19:03 休息
19:04-20:06 处理完成订单返回值增加官费和服务费
20:07-20:31 深度优化会议


1.和小玥讨论合伙人中的部分需求理解合伙人原型部分设计
2.处理合伙人下单的参数整理
3.处理订单列表中重复数据
4.处理完成合伙人中下单接口和测试
5.增加交官类别的官费和服务费计算接口
6.处理完成订单返回值增加官费和服务费


思考:
    1.昨天不要磨磨唧唧的,既然都说下午深度优化进度会议,领导决定的,还磨磨唧唧做什么,我又不能把这个会议推翻了,那上面怎么安排就下面怎么处理就是了.
    2.是不是我以前就不总不给穆哥做反馈呢,安排下去的事情,没有及时反馈,真的很烦啊.这个问题我需要注意啊.
    3.今年我非常重要的一个任务,就得培养出来1-2个人能彻底处理订单业务的开发人员,现在感觉订单砸我手里的分量越来越重啊.

技术:
    1.关于配置的修改只能保持在某个人或者少数人手中,不然谁都可以改配置一定是乱七八糟的事情发生,今天就这么发生了.
    2.jackson做json序列化的时候,对对象的序列化顺序就是属性在类中的先后顺序,已经做过验证
    3.本质上这次功能没啥太多变化,但是有一点就是,拓展性得到极大的增强
    4.git上如果打算修改文档的版本号,那么本地不要暂存区不要留下任何修改,然后git mv文档名称,那么是重命名,而不会删除就文档,保存新文档,算是个小技巧.
    




