

08:40 到公司
08:41-08:42 整理桌面卫生
08:43-09:35 处理支付回调测试
09:36-10:15 深度优化项目早会
10:16-11:35 处理非智能注册订单支付回调调试
11:36-11:55 深度优化讨论
11:55-13:30 午休
13:30-13:50 给利阳讲解处理7天确认回执的问题
13:51-14:38 处理完成第三方非商标注册业务支付回调
14:39-14:55 休息
14:56-17:39 处理智能注册支付回调测试
17:40-19:20 测试完成智能注册支付回调
19:21-19:30 给文龙讲解订单业务
19:31-20:07 把修改的商品编号修改回去
 
1.深度优化讨论退款问题
2.给利阳讲解处理7天确认回执的问题
3.处理完成第三方非商标注册业务支付回调
4.处理完成智能注册支付回调测试
5.给文龙讲解订单业务



思考:
    1.昨天看斌斌的周报,貌似mvc的架构没明白的,看着比较生气的,但是想想又不能这么说的,毕竟只是在培养中,谁那会没有问题呢,也许我那会还不如他呢,想想也就了然啦.说出来的话,要自己思考和分析过的,然后哪怕是谬论,毕竟也思考过的.而不是我感觉我认为,我分析过,因为这些分析,我得出来的结论.
    2.深度优化开个会议总是磨磨唧唧的啊,拖拖踏踏的,没有我当初Java组说9点20就9点20早会,不来不等,出了问题自己负责.没有什么执行力呢,这点小事都磨磨唧唧,还能指望做什么呢?增减项和退款,我实在也不想开发了,培养他们去开发吧,这块东西我实在不想开发处理了,厌倦的感觉.

技术:
    1.凡是速成的绝对有非常多的漏洞,不给相对来说比较充裕的时间,那么根本就是漏洞百出,然后去处理.因为脑袋不清醒的时候,开发的东西,回头看,这是我写的吗?开什么玩笑,我写出来这么烂的代码吗?
    2.犯了很大的错误,修改商品编号的时候,自己没有分析思考具体可能存在的问题,直接修改数据库,导致不能下单,这是个非常严重的错误问题.还好有数据备份,拿旧的数据修改回去

