
08:01 到公司
08:02-08:05 整理卫生
08:06-08:08 思考今天主要处理的内容,把订单主流程的全部接口自己再跑一遍,有问题的及时修改.斌斌处理邮寄业务问题。
08:09-09:18 查看代码,整理问题,测试第三方订单下单流程内容。
09:19-09:34 深度优化项目早会
09:35-09:40 休息
09:41-10:33 查看和修改第三方订单下单代码修改
10:34-11:24 重构和测试完成第三方订单下单过程
11:25-11:30 休息
11:31-11:52 处理测试智能注册下单过程
11:53-13:29 午休
13:30-14:20 处理智能注册订单下单
14:21-15:17 和穆哥盛哥盛哥讨论深度优化中的会议
15:17-15:31 休息
15:32-16:15 处理返回列表没有金额的问题,因为只处理非注册类金额,忘记处理注册类金额
16:16-16:33 处理江东的附件查询不到的问题，因为设置为不同的数据库内容导致的。
16:34-16:44 休息
16:45-17:04 用户审核通过不通过文档接口参数修改
17:05-17:35 参加穆哥组织的部门会议
17:36-18:06 休息和松钊讨论邮寄业务合并问题
18:07-18:34 测试和重构海外智能注册订单内容和代码调整


1.重构和测试完成第三方订单下单过程
2.和穆哥盛哥盛哥讨论深度优化中的会议
3.用户审核通过不通过文档接口参数修改
4.参加穆哥组织的部门会议
5.和松钊讨论邮寄业务合并问题
6.测试和重构海外智能注册订单内容和代码调整

思考：
    1.文档编写说明内容,如果出现重大的变化,那么文档名称的版本号升级,比如a.bc,那么直接升级到a.b+1,比如1.13版本,如果出现重大变化,那么直接升级为1.20版本。
如果只是修改内容,那么就在a.bc版本上增加a.b(c+1),比如1.13版本,那么升级为1.14版本。(需要写到部门入职说明中)
    2.文档中一旦有修改，必须增加修改记录,由谁在什么时候增加或者修改了什么内容。然后修改后合并到git上,做好构建后,必须通知项目组或者研发群,不能鸟悄地修改了东西而不通知其他人。
    3.对于连事情都不听,直接说没时间的是行为,个人表示很无语,职场素养啊,不能强求。
    4.想想海外智能注册上线多么久啦,使用那么多人力和物力,结果到现在都没有使用,然后深度优化中又重新开发一次,我就思考这个什么时候能使用呢。所以管理层思考不周。
     
技术：
    1.@JsonIgnore，如果使用它，那么在传递参数的时候直接忽略，所以并不是返回值有用，其实传参的时候如果使用，也会自动进行忽略。
    2.传递参数出现的错误,数据格式的错误,要如何做提醒呢,统一异常处理迫在眉睫,不能再出现这样的问题啦。
    3.还好是我设计的数据库啊,不然数据库和历史都可以随意打扮了,再次坚定个我把握数据库的设计和解说,不然数据库随便修改,和架构随便修改,真的是非常痛苦非常可怕的事情。我要怎么把数据库设计的业务内容让大部分人都熟悉呢,这个需要我思考啊。
    

    


