
08:40 到公司
08:41-08:43 整理桌面卫生
08:44-09:00 找本swift的ios开发书籍
09:01-09:30 处理安全模块搭建
09:31-09:58 深度优化项目会议
09:59-10:39 优化安全模块的命名空间
10:40-10:47 休息
10:48-11:51 重构查询id和ip调用次数是否超过限制
11:52-13:35 午休
13:36-14:12 处理安全模块的实体类和将待递交中审核不通过状态可以修改材料
14:13-14:52 优化增加用户登录时间设计
14:53-15:28 分派批量下单任务和讲解上线流程
15:29-15:43 具体我也不知做了什么事情
15:44-17:16 优化处理商品编号内容
17:17-17:46 处理完成第三方订单中递交机构内容
17:47-17:59 查看斌斌处理附件的代码
18:00-18:27 处理第三方上传回执文件但没有上传回执
18:28-19:15 跑步
19:16-19:38 处理查询分组商品数据有问题
19:38-20:00 处理订单商品无法查询到的问题
20:01-20:20 深度优化会议
20:21-20:46 订单列表接口增加子单个数返回值,测试和修改文档
20:47-



1.处理安全模块搭建
2.优化安全模块的命名空间
3.重构查询id和ip调用次数是否超过限制
4.将待递交中审核不通过状态可以修改材料
5.优化增加用户登录时间设计
6.优化处理商品编号内容
7.处理完成第三方订单中递交机构内容
8.查看斌斌处理附件的代码
9处理第三方上传回执文件但没有上传回执
10.订单列表接口增加子单个数返回值,测试和修改文档


思考:
    1.之前说8点30到公司,这个一直都是断断续续啊,难做,所以说了到做到其实还是很多事情的.
    2.关注嘴,关注表情和行为举止,不要表露你内心真实的想法啊,要做的事情就认真去做啊.怎么也得不能耽误合伙人的接口内容啊,耽误人家调试和奖金啊,这就是我的罪过了啊.

技术:
    1.对于固定的数据内容,有特殊意义的,比如商品编号,这个开始准备项目的事情,我就需要设置好规则啊,能越早确定的越早确定,否则后期就会搞的乱七八糟的
    2.针对于第三方订单中递交机构内容,穆哥上次的意思只是个参考,自己可以结合自己的对问题的看法去处理,同时我也不喜欢别人给实现的套路.
    3.本来订单列表就关联很多数据了,然后又需要关联附件表查询商品图片,复杂度顿时*n,属于典型的得不偿失的技术问题.





