
09:08 到公司
09:09-09:11 整理桌面卫生
09:12-09:40 完成单个支付订单校验接口测试和文档编写
09:41-10:18 完成批量订单的订单接口金额校验接口
10:19-11:06 完成批量订单的订单接口金额校验测试和文档
11:07-14:42 处理私事,退房租押金 -4小时
14:43-15:16 思考处理代理人保存和修改商标订单
15:17-15:22 休息
15:23-17:18 处理上传附件不修改状态的问题
17:19-17:26 休息
17:27-17:51 处理完成上传附件修改状态的问题
17:52-18:27 调试完成完成上传附件修改状态的问题
18:28-19:20 休息,脑袋疼后牙疼啊
19:21-20:23 给松钊处理git的事情,给斌斌讲解为什么少写mapper和mng,总写在控制层

1.完成单个支付订单校验接口测试和文档编写
2.完成批量订单的订单接口金额校验接口
3.完成批量订单的订单接口金额校验测试和文档
4.处理完成上传附件修改状态的问题
5.给斌斌讲解为什么少写mapper和mng,总写在控制层


思考:
    1.给我提出来的问题,我要根据提出问题者的思考和我自己的思考分出来优先级去处理,省得每个人都不断找我去处理问题,这样我就会疲于应付问题.如果我列出来问题,那么
我就可以按照我的规则来处理,其他人可以一目了然,不会不断找我处理问题.
    2.最近脑袋疼,牙疼,最近总是出现事情,也不知道晚上到底睡了多久啊.

技术:
    1.如果做if判断的取反判断做返回值,那么如果使用if-true的模式,那么会增加非常多层级,如果使用if-false的模式,那么就会减少无穷尽的判断,并且可以及早做错误返回处理,
这个属于惯性开发中的非常规思考.
    2.今天想想,第一次在来广营3楼做开发业务没有这么复杂的,现在的业务场景比之前复杂的多的多,但是目前的开发效率其实比来广营三楼要强的多,所以适当引入新技术,其实是降低技术的复杂度,
减低技术复杂度来专注于处理业务的复杂度内容.
